==============================================
Tue 17 Feb 14:15:28 PST 2026: Starting archiveloop at 11.71 seconds uptime...
Tue 17 Feb 14:15:28 PST 2026: Running fsck on /backingfiles/cam_disk.bin...
Tue 17 Feb 14:15:28 PST 2026: Temperature Monitor: Not enabled.
Tue 17 Feb 14:15:29 PST 2026: | fsck from util-linux 2.38.1
Tue 17 Feb 14:15:30 PST 2026: | fsck.fat 4.2 (2021-01-31)
Tue 17 Feb 14:15:30 PST 2026: | /dev/loop0p1: 4 files, 3/2096606 clusters
Tue 17 Feb 14:15:30 PST 2026: Finished fsck on /backingfiles/cam_disk.bin.
Tue 17 Feb 14:15:30 PST 2026: Running fsck on /backingfiles/lightshow_disk.bin...
Tue 17 Feb 14:15:30 PST 2026: | fsck from util-linux 2.38.1
Tue 17 Feb 14:15:30 PST 2026: | fsck.fat 4.2 (2021-01-31)
Tue 17 Feb 14:15:30 PST 2026: | /dev/loop0p1: 3 files, 2/261367 clusters
Tue 17 Feb 14:15:30 PST 2026: Finished fsck on /backingfiles/lightshow_disk.bin.
Tue 17 Feb 14:15:31 PST 2026: cleaning cam mount
Tue 17 Feb 14:15:31 PST 2026: Ensuring cam file is mounted...
Tue 17 Feb 14:15:31 PST 2026: Disconnecting usb from host...
Tue 17 Feb 14:15:31 PST 2026: Disconnected usb from host.
Tue 17 Feb 14:15:31 PST 2026: Mounted /mnt/cam.
Tue 17 Feb 14:15:31 PST 2026: Ensured cam file is mounted.
Tue 17 Feb 14:15:31 PST 2026: Trimming free space in /mnt/cam, which has 2 extents
Tue 17 Feb 14:15:32 PST 2026: Trim complete, image now has 2 extents
Tue 17 Feb 14:15:32 PST 2026: Unmounting /mnt/cam...
Tue 17 Feb 14:15:32 PST 2026: Unmounted /mnt/cam.
Tue 17 Feb 14:15:32 PST 2026: done cleaning cam mount
Tue 17 Feb 14:15:32 PST 2026: taking snapshot of cam disk in /backingfiles/snapshots/snap-000000
Tue 17 Feb 14:15:32 PST 2026: took snapshot
Tue 17 Feb 14:15:33 PST 2026: comparing new snapshot with /backingfiles/snapshots/snap--00001/snap.bin
Tue 17 Feb 14:15:33 PST 2026: making links for /tmp/snapshots/snap-000000, retargeted to /backingfiles/snapshots/snap-000000/mnt
Tue 17 Feb 14:15:33 PST 2026: made all links for /tmp/snapshots/snap-000000
Tue 17 Feb 14:15:33 PST 2026: Connecting usb to host...
Tue 17 Feb 14:15:33 PST 2026: Connected usb to host.
Tue 17 Feb 14:15:39 PST 2026: Trying to set time...
Tue 17 Feb 14:15:58 PST 2026: Time adjusted by 19.088739 seconds after 1.310000 seconds
Tue 17 Feb 14:15:58 PST 2026: Starting background task to keep car awake.
Tue 17 Feb 14:15:58 PST 2026: Archiving...
Tue 17 Feb 14:15:58 PST 2026: Mounted /mnt/archive.
Tue 17 Feb 14:15:58 PST 2026: Checking saved folder count...
Tue 17 Feb 14:15:58 PST 2026: There are 0 event folder(s) with 0 file(s) and 0 track mode file(s) to move.  0 short recording(s) will be skipped.
Tue 17 Feb 14:15:58 PST 2026: cleaning cam mount
Tue 17 Feb 14:15:58 PST 2026: Ensuring cam file is mounted...
Tue 17 Feb 14:15:58 PST 2026: Disconnecting usb from host...
Tue 17 Feb 14:15:59 PST 2026: Running fsck on /backingfiles/cam_disk.bin...
Tue 17 Feb 14:15:59 PST 2026: | fsck from util-linux 2.38.1
Tue 17 Feb 14:15:59 PST 2026: | fsck.fat 4.2 (2021-01-31)
Tue 17 Feb 14:15:59 PST 2026: | /dev/loop1p1: 4 files, 3/2096606 clusters
Tue 17 Feb 14:15:59 PST 2026: Finished fsck on /backingfiles/cam_disk.bin.
Tue 17 Feb 14:15:59 PST 2026: Running fsck on /backingfiles/lightshow_disk.bin...
Tue 17 Feb 14:15:59 PST 2026: | fsck from util-linux 2.38.1
Tue 17 Feb 14:15:59 PST 2026: | fsck.fat 4.2 (2021-01-31)
Tue 17 Feb 14:15:59 PST 2026: | /dev/loop1p1: 3 files, 2/261367 clusters
Tue 17 Feb 14:15:59 PST 2026: Finished fsck on /backingfiles/lightshow_disk.bin.
Tue 17 Feb 14:15:59 PST 2026: Disconnected usb from host.
Tue 17 Feb 14:15:59 PST 2026: Mounted /mnt/cam.
Tue 17 Feb 14:15:59 PST 2026: Ensured cam file is mounted.
Tue 17 Feb 14:16:00 PST 2026: Trimming free space in /mnt/cam, which has 2 extents
Tue 17 Feb 14:16:00 PST 2026: Trim complete, image now has 2 extents
Tue 17 Feb 14:16:00 PST 2026: Unmounting /mnt/cam...
Tue 17 Feb 14:16:00 PST 2026: Unmounted /mnt/cam.
Tue 17 Feb 14:16:00 PST 2026: done cleaning cam mount
Tue 17 Feb 14:16:00 PST 2026: Finished archiving.
Tue 17 Feb 14:16:00 PST 2026: Music archive not configured or unreachable
Tue 17 Feb 14:16:00 PST 2026: post-archive processing failed
Tue 17 Feb 14:16:00 PST 2026: Stopping background task that is keeping car awake.
Tue 17 Feb 14:16:00 PST 2026: Unmounted /mnt/archive.
Tue 17 Feb 14:16:00 PST 2026: Connecting usb to host...
Tue 17 Feb 14:16:00 PST 2026: Connected usb to host.
Tue 17 Feb 14:16:05 PST 2026: Waiting for archive to be unreachable...
==============================================
Tue 17 Feb 14:17:01 PST 2026: Starting archiveloop at 11.71 seconds uptime...
Tue 17 Feb 14:17:01 PST 2026: Running fsck on /backingfiles/cam_disk.bin...
Tue 17 Feb 14:17:01 PST 2026: Temperature Monitor: Not enabled.
Tue 17 Feb 14:17:02 PST 2026: | fsck from util-linux 2.38.1
Tue 17 Feb 14:17:03 PST 2026: | fsck.fat 4.2 (2021-01-31)
Tue 17 Feb 14:17:03 PST 2026: | /dev/loop0p1: 4 files, 3/2096606 clusters
Tue 17 Feb 14:17:03 PST 2026: Finished fsck on /backingfiles/cam_disk.bin.
Tue 17 Feb 14:17:03 PST 2026: Running fsck on /backingfiles/lightshow_disk.bin...
Tue 17 Feb 14:17:03 PST 2026: | fsck from util-linux 2.38.1
Tue 17 Feb 14:17:04 PST 2026: | fsck.fat 4.2 (2021-01-31)
Tue 17 Feb 14:17:04 PST 2026: | /dev/loop0p1: 3 files, 2/261367 clusters
Tue 17 Feb 14:17:04 PST 2026: Finished fsck on /backingfiles/lightshow_disk.bin.
Tue 17 Feb 14:17:04 PST 2026: cleaning cam mount
Tue 17 Feb 14:17:04 PST 2026: Ensuring cam file is mounted...
Tue 17 Feb 14:17:04 PST 2026: Disconnecting usb from host...
Tue 17 Feb 14:17:04 PST 2026: Disconnected usb from host.
Tue 17 Feb 14:17:04 PST 2026: Mounted /mnt/cam.
Tue 17 Feb 14:17:04 PST 2026: Ensured cam file is mounted.
Tue 17 Feb 14:17:04 PST 2026: Trimming free space in /mnt/cam, which has 4 extents
Tue 17 Feb 14:17:05 PST 2026: Trim complete, image now has 4 extents
Tue 17 Feb 14:17:05 PST 2026: Unmounting /mnt/cam...
Tue 17 Feb 14:17:05 PST 2026: Unmounted /mnt/cam.
Tue 17 Feb 14:17:05 PST 2026: done cleaning cam mount
Tue 17 Feb 14:17:05 PST 2026: taking snapshot of cam disk in /backingfiles/snapshots/snap-000001
Tue 17 Feb 14:17:05 PST 2026: took snapshot
Tue 17 Feb 14:17:06 PST 2026: comparing new snapshot with /backingfiles/snapshots/snap-000000/snap.bin
Tue 17 Feb 14:17:06 PST 2026: new snapshot is identical to previous one, discarding
Tue 17 Feb 14:17:06 PST 2026: releasing snapshot /backingfiles/snapshots/snap-000001
Tue 17 Feb 14:17:06 PST 2026: Connecting usb to host...
Tue 17 Feb 14:17:06 PST 2026: Connected usb to host.
Tue 17 Feb 14:17:11 PST 2026: Trying to set time...
Tue 17 Feb 14:54:58 PST 2026: Time adjusted by 2266.133984 seconds after 1.260000 seconds
Tue 17 Feb 14:54:58 PST 2026: Starting background task to keep car awake.
Tue 17 Feb 14:54:58 PST 2026: Archiving...
Tue 17 Feb 14:54:58 PST 2026: Mounted /mnt/archive.
Tue 17 Feb 14:54:58 PST 2026: Checking saved folder count...
Tue 17 Feb 14:54:58 PST 2026: There are 0 event folder(s) with 0 file(s) and 0 track mode file(s) to move.  0 short recording(s) will be skipped.
Tue 17 Feb 14:54:58 PST 2026: cleaning cam mount
Tue 17 Feb 14:54:58 PST 2026: Ensuring cam file is mounted...
Tue 17 Feb 14:54:58 PST 2026: Disconnecting usb from host...
Tue 17 Feb 14:54:59 PST 2026: Running fsck on /backingfiles/cam_disk.bin...
Tue 17 Feb 14:54:59 PST 2026: | fsck from util-linux 2.38.1
Tue 17 Feb 14:54:59 PST 2026: | fsck.fat 4.2 (2021-01-31)
Tue 17 Feb 14:54:59 PST 2026: | There are differences between boot sector and its backup.
Tue 17 Feb 14:54:59 PST 2026: | This is mostly harmless. Differences: (offset:original/backup)
Tue 17 Feb 14:54:59 PST 2026: |   65:01/00
Tue 17 Feb 14:54:59 PST 2026: |   Not automatically fixing this.
Tue 17 Feb 14:54:59 PST 2026: | Dirty bit is set. Fs was not properly unmounted and some data may be corrupt.
Tue 17 Feb 14:54:59 PST 2026: |  Automatically removing dirty bit.
Tue 17 Feb 14:54:59 PST 2026: | 
Tue 17 Feb 14:54:59 PST 2026: | *** Filesystem was changed ***
Tue 17 Feb 14:54:59 PST 2026: | Writing changes.
Tue 17 Feb 14:54:59 PST 2026: | /dev/loop0p1: 4 files, 3/2096606 clusters
Tue 17 Feb 14:54:59 PST 2026: Finished fsck on /backingfiles/cam_disk.bin.
Tue 17 Feb 14:54:59 PST 2026: Running fsck on /backingfiles/lightshow_disk.bin...
Tue 17 Feb 14:54:59 PST 2026: | fsck from util-linux 2.38.1
Tue 17 Feb 14:54:59 PST 2026: | fsck.fat 4.2 (2021-01-31)
Tue 17 Feb 14:54:59 PST 2026: | /dev/loop0p1: 3 files, 2/261367 clusters
Tue 17 Feb 14:54:59 PST 2026: Finished fsck on /backingfiles/lightshow_disk.bin.
Tue 17 Feb 14:54:59 PST 2026: Disconnected usb from host.
Tue 17 Feb 14:54:59 PST 2026: Mounted /mnt/cam.
Tue 17 Feb 14:54:59 PST 2026: Ensured cam file is mounted.
Tue 17 Feb 14:55:00 PST 2026: Trimming free space in /mnt/cam, which has 4 extents
Tue 17 Feb 14:55:00 PST 2026: Trim complete, image now has 4 extents
Tue 17 Feb 14:55:00 PST 2026: Unmounting /mnt/cam...
Tue 17 Feb 14:55:00 PST 2026: Unmounted /mnt/cam.
Tue 17 Feb 14:55:00 PST 2026: done cleaning cam mount
Tue 17 Feb 14:55:00 PST 2026: Finished archiving.
Tue 17 Feb 14:55:00 PST 2026: Music archive not configured or unreachable
Tue 17 Feb 14:55:00 PST 2026: post-archive processing failed
Tue 17 Feb 14:55:00 PST 2026: Stopping background task that is keeping car awake.
Tue 17 Feb 14:55:00 PST 2026: Unmounted /mnt/archive.
Tue 17 Feb 14:55:00 PST 2026: Connecting usb to host...
Tue 17 Feb 14:55:00 PST 2026: Connected usb to host.
Tue 17 Feb 14:55:05 PST 2026: Waiting for archive to be unreachable...
Tue 17 Feb 14:58:05 PST 2026: Sleeping before retry ...
Tue 17 Feb 14:58:06 PST 2026: Retrying (1) 'archive_is_reachable' ...
Tue 17 Feb 14:58:12 PST 2026: Sleeping before retry ...
Tue 17 Feb 14:58:13 PST 2026: Retrying (2) 'archive_is_reachable' ...
Tue 17 Feb 14:58:13 PST 2026: Sleeping before retry ...
Tue 17 Feb 14:58:14 PST 2026: Retrying (3) 'archive_is_reachable' ...
Tue 17 Feb 14:58:14 PST 2026: Sleeping before retry ...
Tue 17 Feb 14:58:15 PST 2026: Retrying (4) 'archive_is_reachable' ...
Tue 17 Feb 14:58:15 PST 2026: Sleeping before retry ...
Tue 17 Feb 14:58:16 PST 2026: Retrying (5) 'archive_is_reachable' ...
Tue 17 Feb 14:58:16 PST 2026: Sleeping before retry ...
Tue 17 Feb 14:58:17 PST 2026: Retrying (6) 'archive_is_reachable' ...
Tue 17 Feb 14:58:17 PST 2026: Sleeping before retry ...
Tue 17 Feb 14:58:18 PST 2026: Retrying (7) 'archive_is_reachable' ...
Tue 17 Feb 14:58:18 PST 2026: Sleeping before retry ...
Tue 17 Feb 14:58:19 PST 2026: Retrying (8) 'archive_is_reachable' ...
Tue 17 Feb 14:58:20 PST 2026: Sleeping before retry ...
Tue 17 Feb 14:58:21 PST 2026: Retrying (9) 'archive_is_reachable' ...
Tue 17 Feb 14:58:21 PST 2026: Sleeping before retry ...
Tue 17 Feb 14:58:22 PST 2026: Retrying (10) 'archive_is_reachable' ...
Tue 17 Feb 14:58:22 PST 2026: Attempts exhausted.
Tue 17 Feb 14:58:22 PST 2026: Archive is unreachable.
Tue 17 Feb 14:58:22 PST 2026: Waiting for archive to be reachable...
Tue 17 Feb 15:52:46 PST 2026: waiting up to 90 seconds for idle interval
Tue 17 Feb 15:53:05 PST 2026: write in progress
Tue 17 Feb 15:53:08 PST 2026: no longer writing, wrote 49078272
Tue 17 Feb 15:53:09 PST 2026: going back to writing state
Tue 17 Feb 15:53:10 PST 2026: no longer writing, wrote 761856
Tue 17 Feb 15:53:17 PST 2026: no writes seen in the last 5 seconds
Tue 17 Feb 15:53:17 PST 2026: taking snapshot of cam disk in /backingfiles/snapshots/snap-000001
Tue 17 Feb 15:53:19 PST 2026: took snapshot
Tue 17 Feb 15:53:20 PST 2026: comparing new snapshot with /backingfiles/snapshots/snap-000000/snap.bin
Tue 17 Feb 15:53:20 PST 2026: making links for /tmp/snapshots/snap-000001, retargeted to /backingfiles/snapshots/snap-000001/mnt
Tue 17 Feb 15:53:22 PST 2026: made all links for /tmp/snapshots/snap-000001
Tue 17 Feb 15:57:33 PST 2026: Archive is reachable.
Tue 17 Feb 15:57:33 PST 2026: Trying to set time...
Tue 17 Feb 15:57:34 PST 2026: Time adjusted by 1.367474 seconds after 1.370000 seconds
Tue 17 Feb 15:57:34 PST 2026: Starting background task to keep car awake.
Tue 17 Feb 15:57:45 PST 2026: Tessie: Failed to send command. Check your TESSIE_API_TOKEN and TESSIE_VIN are set correctly. If they are, your car may be offline or asleep.
Tue 17 Feb 15:57:45 PST 2026: Tessie: Retrying after 30s in case the connection was poor.
Tue 17 Feb 15:57:54 PST 2026: taking snapshot of cam disk in /backingfiles/snapshots/snap-000002
Tue 17 Feb 15:57:56 PST 2026: took snapshot
Tue 17 Feb 15:57:57 PST 2026: comparing new snapshot with /backingfiles/snapshots/snap-000001/snap.bin
Tue 17 Feb 15:57:57 PST 2026: making links for /tmp/snapshots/snap-000002, retargeted to /backingfiles/snapshots/snap-000002/mnt
Tue 17 Feb 15:57:59 PST 2026: made all links for /tmp/snapshots/snap-000002
Tue 17 Feb 15:57:59 PST 2026: Archiving...
Tue 17 Feb 15:58:00 PST 2026: Mounted /mnt/archive.
Tue 17 Feb 15:58:00 PST 2026: Checking saved folder count...
Tue 17 Feb 15:58:01 PST 2026: There are 1 event folder(s) with 299 file(s) and 0 track mode file(s) to move.  0 short recording(s) will be skipped.
Tue 17 Feb 15:58:01 PST 2026: Starting recording archiving
Tue 17 Feb 15:58:01 PST 2026: Archiving 299 file(s) including 1 event folder(s) starting at Tue 17 Feb 15:58:01 PST 2026
Tue 17 Feb 15:58:01 PST 2026: Sending Webhook message.
Tue 17 Feb 16:02:57 PST 2026: Error during archiving. Archived 47 files in 4m56s
Tue 17 Feb 16:02:57 PST 2026: Sending Webhook message.
2026/02/17 15:58:02 [14967] building file list
2026/02/17 15:58:02 [14967] done
2026/02/17 15:58:02 [14967] cd+++++++++ RecentClips/2026-02-17/
2026/02/17 15:58:02 [14967] cd+++++++++ SentryClips/2026-02-17_15-53-07/
2026/02/17 15:58:03 [14967] >f+++++++++ SentryClips/2026-02-17_15-53-07/2026-02-17_15-42-35-back.mp4
2026/02/17 15:58:14 [14967] >f+++++++++ SentryClips/2026-02-17_15-53-07/2026-02-17_15-42-35-front.mp4
2026/02/17 15:58:23 [14967] >f+++++++++ SentryClips/2026-02-17_15-53-07/2026-02-17_15-42-35-left_repeater.mp4
2026/02/17 15:58:29 [14967] >f+++++++++ SentryClips/2026-02-17_15-53-07/2026-02-17_15-42-35-right_repeater.mp4
2026/02/17 15:58:36 [14967] >f+++++++++ SentryClips/2026-02-17_15-53-07/2026-02-17_15-43-35-back.mp4
2026/02/17 15:58:44 [14967] >f+++++++++ SentryClips/2026-02-17_15-53-07/2026-02-17_15-43-35-front.mp4
2026/02/17 15:58:51 [14967] >f+++++++++ SentryClips/2026-02-17_15-53-07/2026-02-17_15-43-35-left_repeater.mp4
2026/02/17 15:58:57 [14967] >f+++++++++ SentryClips/2026-02-17_15-53-07/2026-02-17_15-43-35-right_repeater.mp4
2026/02/17 15:59:03 [14967] >f+++++++++ SentryClips/2026-02-17_15-53-07/2026-02-17_15-44-35-back.mp4
2026/02/17 15:59:14 [14967] >f+++++++++ SentryClips/2026-02-17_15-53-07/2026-02-17_15-44-35-front.mp4
2026/02/17 15:59:19 [14967] >f+++++++++ SentryClips/2026-02-17_15-53-07/2026-02-17_15-44-35-left_repeater.mp4
2026/02/17 15:59:25 [14967] >f+++++++++ SentryClips/2026-02-17_15-53-07/2026-02-17_15-44-35-right_repeater.mp4
2026/02/17 15:59:32 [14967] >f+++++++++ SentryClips/2026-02-17_15-53-07/2026-02-17_15-45-35-back.mp4
2026/02/17 15:59:39 [14967] >f+++++++++ SentryClips/2026-02-17_15-53-07/2026-02-17_15-45-35-front.mp4
2026/02/17 15:59:46 [14967] >f+++++++++ SentryClips/2026-02-17_15-53-07/2026-02-17_15-45-35-left_repeater.mp4
2026/02/17 15:59:52 [14967] >f+++++++++ SentryClips/2026-02-17_15-53-07/2026-02-17_15-45-35-right_repeater.mp4
2026/02/17 15:59:58 [14967] >f+++++++++ SentryClips/2026-02-17_15-53-07/2026-02-17_15-46-36-back.mp4
2026/02/17 16:00:07 [14967] >f+++++++++ SentryClips/2026-02-17_15-53-07/2026-02-17_15-46-36-front.mp4
2026/02/17 16:00:14 [14967] >f+++++++++ SentryClips/2026-02-17_15-53-07/2026-02-17_15-46-36-left_repeater.mp4
2026/02/17 16:00:20 [14967] >f+++++++++ SentryClips/2026-02-17_15-53-07/2026-02-17_15-46-36-right_repeater.mp4
2026/02/17 16:00:26 [14967] >f+++++++++ SentryClips/2026-02-17_15-53-07/2026-02-17_15-47-36-back.mp4
2026/02/17 16:00:34 [14967] >f+++++++++ SentryClips/2026-02-17_15-53-07/2026-02-17_15-47-36-front.mp4
2026/02/17 16:00:41 [14967] >f+++++++++ SentryClips/2026-02-17_15-53-07/2026-02-17_15-47-36-left_repeater.mp4
2026/02/17 16:00:48 [14967] >f+++++++++ SentryClips/2026-02-17_15-53-07/2026-02-17_15-47-36-right_repeater.mp4
2026/02/17 16:00:55 [14967] >f+++++++++ SentryClips/2026-02-17_15-53-07/2026-02-17_15-48-36-back.mp4
2026/02/17 16:01:03 [14967] >f+++++++++ SentryClips/2026-02-17_15-53-07/2026-02-17_15-48-36-front.mp4
2026/02/17 16:01:14 [14967] >f+++++++++ SentryClips/2026-02-17_15-53-07/2026-02-17_15-48-36-left_repeater.mp4
2026/02/17 16:01:17 [14967] >f+++++++++ SentryClips/2026-02-17_15-53-07/2026-02-17_15-48-36-right_repeater.mp4
2026/02/17 16:01:24 [14967] >f+++++++++ SentryClips/2026-02-17_15-53-07/2026-02-17_15-49-37-back.mp4
2026/02/17 16:01:32 [14967] >f+++++++++ SentryClips/2026-02-17_15-53-07/2026-02-17_15-49-37-front.mp4
2026/02/17 16:01:39 [14967] >f+++++++++ SentryClips/2026-02-17_15-53-07/2026-02-17_15-49-37-left_repeater.mp4
2026/02/17 16:01:45 [14967] >f+++++++++ SentryClips/2026-02-17_15-53-07/2026-02-17_15-49-37-right_repeater.mp4
2026/02/17 16:01:52 [14967] >f+++++++++ SentryClips/2026-02-17_15-53-07/2026-02-17_15-50-37-back.mp4
2026/02/17 16:02:00 [14967] >f+++++++++ SentryClips/2026-02-17_15-53-07/2026-02-17_15-50-37-front.mp4
2026/02/17 16:02:06 [14967] >f+++++++++ SentryClips/2026-02-17_15-53-07/2026-02-17_15-50-37-left_repeater.mp4
2026/02/17 16:02:15 [14967] >f+++++++++ SentryClips/2026-02-17_15-53-07/2026-02-17_15-50-37-right_repeater.mp4
2026/02/17 16:02:20 [14967] >f+++++++++ SentryClips/2026-02-17_15-53-07/2026-02-17_15-51-37-back.mp4
2026/02/17 16:02:27 [14967] >f+++++++++ SentryClips/2026-02-17_15-53-07/2026-02-17_15-51-37-front.mp4
2026/02/17 16:02:34 [14967] >f+++++++++ SentryClips/2026-02-17_15-53-07/2026-02-17_15-51-37-left_repeater.mp4
2026/02/17 16:02:40 [14967] >f+++++++++ SentryClips/2026-02-17_15-53-07/2026-02-17_15-51-37-right_repeater.mp4
2026/02/17 16:02:45 [14967] >f+++++++++ SentryClips/2026-02-17_15-53-07/2026-02-17_15-52-38-back.mp4
2026/02/17 16:02:49 [14967] >f+++++++++ SentryClips/2026-02-17_15-53-07/2026-02-17_15-52-38-front.mp4
2026/02/17 16:02:52 [14967] >f+++++++++ SentryClips/2026-02-17_15-53-07/2026-02-17_15-52-38-left_repeater.mp4
2026/02/17 16:02:54 [14967] >f+++++++++ SentryClips/2026-02-17_15-53-07/2026-02-17_15-52-38-right_repeater.mp4
2026/02/17 16:02:54 [14967] >f+++++++++ SentryClips/2026-02-17_15-53-07/event.json
2026/02/17 16:02:57 [14967] >f+++++++++ SentryClips/2026-02-17_15-53-07/event.mp4
2026/02/17 16:02:57 [14967] >f+++++++++ SentryClips/2026-02-17_15-53-07/thumb.png
2026/02/17 16:02:57 [14967] Number of files: 303 (reg: 299, dir: 4)
2026/02/17 16:02:57 [14967] Number of created files: 49 (reg: 47, dir: 2)
2026/02/17 16:02:57 [14967] Number of deleted files: 0
2026/02/17 16:02:57 [14967] Number of regular files transferred: 47
2026/02/17 16:02:57 [14967] Total file size: 8.76G bytes
2026/02/17 16:02:57 [14967] Total transferred file size: 1.16G bytes
2026/02/17 16:02:57 [14967] Literal data: 1.16G bytes
2026/02/17 16:02:57 [14967] Matched data: 0 bytes
2026/02/17 16:02:57 [14967] File list size: 0
2026/02/17 16:02:57 [14967] File list generation time: 0.169 seconds
2026/02/17 16:02:57 [14967] File list transfer time: 0.000 seconds
2026/02/17 16:02:57 [14967] Total bytes sent: 1.16G
2026/02/17 16:02:57 [14967] Total bytes received: 2.19K
2026/02/17 16:02:57 [14967] sent 1.16G bytes  received 2.19K bytes  3.93M bytes/sec
2026/02/17 16:02:57 [14967] total size is 8.76G  speedup is 7.55
2026/02/17 16:02:57 [14967] sent 1160306929 bytes  received 2198 bytes  total size 8759421036
2026/02/17 16:02:57 [14967] rsync error: some files/attrs were not transferred (see previous errors) (code 23) at main.c(1338) [sender=3.2.7]
building file list ... done
rsync: [generator] recv_generator: mkdir "/mnt/archive/RecentClips/2026-02-17" failed: Permission denied (13)
*** Skipping any contents from this failed directory ***
RecentClips/2026-02-17/
SentryClips/2026-02-17_15-53-07/
SentryClips/2026-02-17_15-53-07/2026-02-17_15-42-35-back.mp4
SentryClips/2026-02-17_15-53-07/2026-02-17_15-42-35-front.mp4
SentryClips/2026-02-17_15-53-07/2026-02-17_15-42-35-left_repeater.mp4
SentryClips/2026-02-17_15-53-07/2026-02-17_15-42-35-right_repeater.mp4
SentryClips/2026-02-17_15-53-07/2026-02-17_15-43-35-back.mp4
SentryClips/2026-02-17_15-53-07/2026-02-17_15-43-35-front.mp4
SentryClips/2026-02-17_15-53-07/2026-02-17_15-43-35-left_repeater.mp4
SentryClips/2026-02-17_15-53-07/2026-02-17_15-43-35-right_repeater.mp4
SentryClips/2026-02-17_15-53-07/2026-02-17_15-44-35-back.mp4
SentryClips/2026-02-17_15-53-07/2026-02-17_15-44-35-front.mp4
SentryClips/2026-02-17_15-53-07/2026-02-17_15-44-35-left_repeater.mp4
SentryClips/2026-02-17_15-53-07/2026-02-17_15-44-35-right_repeater.mp4
SentryClips/2026-02-17_15-53-07/2026-02-17_15-45-35-back.mp4
SentryClips/2026-02-17_15-53-07/2026-02-17_15-45-35-front.mp4
SentryClips/2026-02-17_15-53-07/2026-02-17_15-45-35-left_repeater.mp4
SentryClips/2026-02-17_15-53-07/2026-02-17_15-45-35-right_repeater.mp4
SentryClips/2026-02-17_15-53-07/2026-02-17_15-46-36-back.mp4
SentryClips/2026-02-17_15-53-07/2026-02-17_15-46-36-front.mp4
SentryClips/2026-02-17_15-53-07/2026-02-17_15-46-36-left_repeater.mp4
SentryClips/2026-02-17_15-53-07/2026-02-17_15-46-36-right_repeater.mp4
SentryClips/2026-02-17_15-53-07/2026-02-17_15-47-36-back.mp4
SentryClips/2026-02-17_15-53-07/2026-02-17_15-47-36-front.mp4
SentryClips/2026-02-17_15-53-07/2026-02-17_15-47-36-left_repeater.mp4
SentryClips/2026-02-17_15-53-07/2026-02-17_15-47-36-right_repeater.mp4
SentryClips/2026-02-17_15-53-07/2026-02-17_15-48-36-back.mp4
SentryClips/2026-02-17_15-53-07/2026-02-17_15-48-36-front.mp4
SentryClips/2026-02-17_15-53-07/2026-02-17_15-48-36-left_repeater.mp4
SentryClips/2026-02-17_15-53-07/2026-02-17_15-48-36-right_repeater.mp4
SentryClips/2026-02-17_15-53-07/2026-02-17_15-49-37-back.mp4
SentryClips/2026-02-17_15-53-07/2026-02-17_15-49-37-front.mp4
SentryClips/2026-02-17_15-53-07/2026-02-17_15-49-37-left_repeater.mp4
SentryClips/2026-02-17_15-53-07/2026-02-17_15-49-37-right_repeater.mp4
SentryClips/2026-02-17_15-53-07/2026-02-17_15-50-37-back.mp4
SentryClips/2026-02-17_15-53-07/2026-02-17_15-50-37-front.mp4
SentryClips/2026-02-17_15-53-07/2026-02-17_15-50-37-left_repeater.mp4
SentryClips/2026-02-17_15-53-07/2026-02-17_15-50-37-right_repeater.mp4
SentryClips/2026-02-17_15-53-07/2026-02-17_15-51-37-back.mp4
SentryClips/2026-02-17_15-53-07/2026-02-17_15-51-37-front.mp4
SentryClips/2026-02-17_15-53-07/2026-02-17_15-51-37-left_repeater.mp4
SentryClips/2026-02-17_15-53-07/2026-02-17_15-51-37-right_repeater.mp4
SentryClips/2026-02-17_15-53-07/2026-02-17_15-52-38-back.mp4
SentryClips/2026-02-17_15-53-07/2026-02-17_15-52-38-front.mp4
SentryClips/2026-02-17_15-53-07/2026-02-17_15-52-38-left_repeater.mp4
SentryClips/2026-02-17_15-53-07/2026-02-17_15-52-38-right_repeater.mp4
SentryClips/2026-02-17_15-53-07/event.json
SentryClips/2026-02-17_15-53-07/event.mp4
SentryClips/2026-02-17_15-53-07/thumb.png

Number of files: 303 (reg: 299, dir: 4)
Number of created files: 49 (reg: 47, dir: 2)
Number of deleted files: 0
Number of regular files transferred: 47
Total file size: 8.76G bytes
Total transferred file size: 1.16G bytes
Literal data: 1.16G bytes
Matched data: 0 bytes
File list size: 0
File list generation time: 0.169 seconds
File list transfer time: 0.000 seconds
Total bytes sent: 1.16G
Total bytes received: 2.19K

sent 1.16G bytes  received 2.19K bytes  3.93M bytes/sec
total size is 8.76G  speedup is 7.55
rsync error: some files/attrs were not transferred (see previous errors) (code 23) at main.c(1338) [sender=3.2.7]
Tue 17 Feb 16:02:58 PST 2026: Skipping cleaning step after archive error
Tue 17 Feb 16:02:58 PST 2026: Finished archiving.
Tue 17 Feb 16:02:58 PST 2026: Music archive not configured or unreachable
Tue 17 Feb 16:02:58 PST 2026: post-archive processing failed
Tue 17 Feb 16:02:58 PST 2026: Stopping background task that is keeping car awake.
Tue 17 Feb 16:02:58 PST 2026: Connecting usb to host...
Tue 17 Feb 16:02:58 PST 2026: Connected usb to host.
Tue 17 Feb 16:02:58 PST 2026: Unmounted /mnt/archive.
Tue 17 Feb 16:03:03 PST 2026: Waiting for archive to be unreachable...
Tue 17 Feb 16:08:13 PST 2026: Simulating archive being unreachable.
Tue 17 Feb 16:08:13 PST 2026: Waiting for archive to be reachable...
Tue 17 Feb 16:08:13 PST 2026: Archive is reachable.
Tue 17 Feb 16:08:13 PST 2026: Trying to set time...
Tue 17 Feb 16:08:18 PST 2026: Time adjusted by 4.621726 seconds after 4.620000 seconds
Tue 17 Feb 16:08:18 PST 2026: Starting background task to keep car awake.
Tue 17 Feb 16:08:38 PST 2026: taking snapshot of cam disk in /backingfiles/snapshots/snap-000003
Tue 17 Feb 16:08:40 PST 2026: took snapshot
Tue 17 Feb 16:08:41 PST 2026: comparing new snapshot with /backingfiles/snapshots/snap-000002/snap.bin
Tue 17 Feb 16:08:41 PST 2026: making links for /tmp/snapshots/snap-000003, retargeted to /backingfiles/snapshots/snap-000003/mnt
Tue 17 Feb 16:08:44 PST 2026: made all links for /tmp/snapshots/snap-000003
Tue 17 Feb 16:08:44 PST 2026: Archiving...
Tue 17 Feb 16:08:44 PST 2026: Mounted /mnt/archive.
Tue 17 Feb 16:08:44 PST 2026: Checking saved folder count...
Tue 17 Feb 16:08:44 PST 2026: There are 0 event folder(s) with 296 file(s) and 0 track mode file(s) to move.  0 short recording(s) will be skipped.
Tue 17 Feb 16:08:44 PST 2026: Starting recording archiving
Tue 17 Feb 16:08:45 PST 2026: Archiving 296 file(s) starting at Tue 17 Feb 16:08:45 PST 2026
Tue 17 Feb 16:08:45 PST 2026: Sending Webhook message.
Tue 17 Feb 16:08:46 PST 2026: Error during archiving. Archived 0 files in 1s
Tue 17 Feb 16:08:46 PST 2026: Sending Webhook message.
2026/02/17 16:08:45 [17054] building file list
2026/02/17 16:08:46 [17054] done
2026/02/17 16:08:46 [17054] cd+++++++++ RecentClips/2026-02-17/
2026/02/17 16:08:46 [17054] Number of files: 298 (reg: 296, dir: 2)
2026/02/17 16:08:46 [17054] Number of created files: 1 (dir: 1)
2026/02/17 16:08:46 [17054] Number of deleted files: 0
2026/02/17 16:08:46 [17054] Number of regular files transferred: 0
2026/02/17 16:08:46 [17054] Total file size: 8.82G bytes
2026/02/17 16:08:46 [17054] Total transferred file size: 0 bytes
2026/02/17 16:08:46 [17054] Literal data: 0 bytes
2026/02/17 16:08:46 [17054] Matched data: 0 bytes
2026/02/17 16:08:46 [17054] File list size: 0
2026/02/17 16:08:46 [17054] File list generation time: 0.165 seconds
2026/02/17 16:08:46 [17054] File list transfer time: 0.000 seconds
2026/02/17 16:08:46 [17054] Total bytes sent: 6.92K
2026/02/17 16:08:46 [17054] Total bytes received: 19
2026/02/17 16:08:46 [17054] sent 6.92K bytes  received 19 bytes  4.62K bytes/sec
2026/02/17 16:08:46 [17054] total size is 8.82G  speedup is 1,272,281.46
2026/02/17 16:08:46 [17054] sent 6922 bytes  received 24 bytes  total size 8824544233
2026/02/17 16:08:46 [17054] rsync error: some files/attrs were not transferred (see previous errors) (code 23) at main.c(1338) [sender=3.2.7]
building file list ... done
rsync: [generator] recv_generator: mkdir "/mnt/archive/RecentClips/2026-02-17" failed: Permission denied (13)
*** Skipping any contents from this failed directory ***
RecentClips/2026-02-17/

Number of files: 298 (reg: 296, dir: 2)
Number of created files: 1 (dir: 1)
Number of deleted files: 0
Number of regular files transferred: 0
Total file size: 8.82G bytes
Total transferred file size: 0 bytes
Literal data: 0 bytes
Matched data: 0 bytes
File list size: 0
File list generation time: 0.165 seconds
File list transfer time: 0.000 seconds
Total bytes sent: 6.92K
Total bytes received: 19

sent 6.92K bytes  received 19 bytes  4.62K bytes/sec
total size is 8.82G  speedup is 1,272,281.46
rsync error: some files/attrs were not transferred (see previous errors) (code 23) at main.c(1338) [sender=3.2.7]
Tue 17 Feb 16:08:47 PST 2026: Skipping cleaning step after archive error
Tue 17 Feb 16:08:47 PST 2026: Finished archiving.
Tue 17 Feb 16:08:47 PST 2026: Music archive not configured or unreachable
Tue 17 Feb 16:08:47 PST 2026: post-archive processing failed
Tue 17 Feb 16:08:47 PST 2026: Stopping background task that is keeping car awake.
Tue 17 Feb 16:08:47 PST 2026: Unmounted /mnt/archive.
Tue 17 Feb 16:08:47 PST 2026: Connecting usb to host...
Tue 17 Feb 16:08:47 PST 2026: Connected usb to host.
Tue 17 Feb 16:08:52 PST 2026: Waiting for archive to be unreachable...
Tue 17 Feb 16:51:22 PST 2026: waiting up to 90 seconds for idle interval
Tue 17 Feb 16:51:35 PST 2026: write in progress
Tue 17 Feb 16:51:41 PST 2026: no longer writing, wrote 111763456
Tue 17 Feb 16:51:48 PST 2026: no writes seen in the last 5 seconds
Tue 17 Feb 16:51:48 PST 2026: taking snapshot of cam disk in /backingfiles/snapshots/snap-000004
Tue 17 Feb 16:51:50 PST 2026: took snapshot
Tue 17 Feb 16:51:50 PST 2026: comparing new snapshot with /backingfiles/snapshots/snap-000003/snap.bin
Tue 17 Feb 16:51:50 PST 2026: making links for /tmp/snapshots/snap-000004, retargeted to /backingfiles/snapshots/snap-000004/mnt
Tue 17 Feb 16:51:53 PST 2026: made all links for /tmp/snapshots/snap-000004
Tue 17 Feb 17:49:53 PST 2026: waiting up to 90 seconds for idle interval
Tue 17 Feb 17:51:35 PST 2026: couldn't determine idle interval
Tue 17 Feb 17:51:35 PST 2026: taking snapshot of cam disk in /backingfiles/snapshots/snap-000005
Tue 17 Feb 17:51:38 PST 2026: took snapshot
Tue 17 Feb 17:51:38 PST 2026: comparing new snapshot with /backingfiles/snapshots/snap-000004/snap.bin
Tue 17 Feb 17:51:38 PST 2026: making links for /tmp/snapshots/snap-000005, retargeted to /backingfiles/snapshots/snap-000005/mnt
Tue 17 Feb 17:51:41 PST 2026: made all links for /tmp/snapshots/snap-000005
Tue 17 Feb 18:49:41 PST 2026: waiting up to 90 seconds for idle interval
Tue 17 Feb 18:51:23 PST 2026: couldn't determine idle interval
Tue 17 Feb 18:51:23 PST 2026: taking snapshot of cam disk in /backingfiles/snapshots/snap-000006
Tue 17 Feb 18:51:25 PST 2026: took snapshot
Tue 17 Feb 18:51:26 PST 2026: comparing new snapshot with /backingfiles/snapshots/snap-000005/snap.bin
Tue 17 Feb 18:51:26 PST 2026: new snapshot is identical to previous one, discarding
Tue 17 Feb 18:51:26 PST 2026: releasing snapshot /backingfiles/snapshots/snap-000006
Tue 17 Feb 19:49:26 PST 2026: waiting up to 90 seconds for idle interval
Tue 17 Feb 19:51:08 PST 2026: couldn't determine idle interval
Tue 17 Feb 19:51:08 PST 2026: taking snapshot of cam disk in /backingfiles/snapshots/snap-000006
Tue 17 Feb 19:51:10 PST 2026: took snapshot
Tue 17 Feb 19:51:11 PST 2026: comparing new snapshot with /backingfiles/snapshots/snap-000005/snap.bin
Tue 17 Feb 19:51:11 PST 2026: new snapshot is identical to previous one, discarding
Tue 17 Feb 19:51:11 PST 2026: releasing snapshot /backingfiles/snapshots/snap-000006
Tue 17 Feb 20:49:11 PST 2026: waiting up to 90 seconds for idle interval
Tue 17 Feb 20:50:53 PST 2026: couldn't determine idle interval
Tue 17 Feb 20:50:53 PST 2026: taking snapshot of cam disk in /backingfiles/snapshots/snap-000006
Tue 17 Feb 20:50:55 PST 2026: took snapshot
Tue 17 Feb 20:50:56 PST 2026: comparing new snapshot with /backingfiles/snapshots/snap-000005/snap.bin
Tue 17 Feb 20:50:56 PST 2026: new snapshot is identical to previous one, discarding
Tue 17 Feb 20:50:56 PST 2026: releasing snapshot /backingfiles/snapshots/snap-000006
Tue 17 Feb 21:48:56 PST 2026: waiting up to 90 seconds for idle interval
Tue 17 Feb 21:50:38 PST 2026: couldn't determine idle interval
Tue 17 Feb 21:50:38 PST 2026: taking snapshot of cam disk in /backingfiles/snapshots/snap-000006
Tue 17 Feb 21:50:40 PST 2026: took snapshot
Tue 17 Feb 21:50:41 PST 2026: comparing new snapshot with /backingfiles/snapshots/snap-000005/snap.bin
Tue 17 Feb 21:50:41 PST 2026: new snapshot is identical to previous one, discarding
Tue 17 Feb 21:50:41 PST 2026: releasing snapshot /backingfiles/snapshots/snap-000006
Tue 17 Feb 22:48:41 PST 2026: waiting up to 90 seconds for idle interval
Tue 17 Feb 22:50:23 PST 2026: couldn't determine idle interval
Tue 17 Feb 22:50:23 PST 2026: taking snapshot of cam disk in /backingfiles/snapshots/snap-000006
Tue 17 Feb 22:50:26 PST 2026: took snapshot
Tue 17 Feb 22:50:26 PST 2026: comparing new snapshot with /backingfiles/snapshots/snap-000005/snap.bin
Tue 17 Feb 22:50:26 PST 2026: new snapshot is identical to previous one, discarding
Tue 17 Feb 22:50:26 PST 2026: releasing snapshot /backingfiles/snapshots/snap-000006
Tue 17 Feb 23:48:26 PST 2026: waiting up to 90 seconds for idle interval
Tue 17 Feb 23:50:08 PST 2026: couldn't determine idle interval
Tue 17 Feb 23:50:08 PST 2026: taking snapshot of cam disk in /backingfiles/snapshots/snap-000006
Tue 17 Feb 23:50:10 PST 2026: took snapshot
Tue 17 Feb 23:50:11 PST 2026: comparing new snapshot with /backingfiles/snapshots/snap-000005/snap.bin
Tue 17 Feb 23:50:11 PST 2026: new snapshot is identical to previous one, discarding
Tue 17 Feb 23:50:11 PST 2026: releasing snapshot /backingfiles/snapshots/snap-000006
==============================================
Tue 17 Feb 23:17:02 PST 2026: Starting archiveloop at 9.55 seconds uptime...
Tue 17 Feb 23:17:02 PST 2026: Running fsck on /backingfiles/cam_disk.bin...
Tue 17 Feb 23:17:02 PST 2026: Temperature Monitor: Not enabled.
Tue 17 Feb 23:17:02 PST 2026: | fsck from util-linux 2.38.1
Tue 17 Feb 23:17:04 PST 2026: | fsck.fat 4.2 (2021-01-31)
Tue 17 Feb 23:17:04 PST 2026: | There are differences between boot sector and its backup.
Tue 17 Feb 23:17:04 PST 2026: | This is mostly harmless. Differences: (offset:original/backup)
Tue 17 Feb 23:17:04 PST 2026: |   65:01/00
Tue 17 Feb 23:17:04 PST 2026: |   Not automatically fixing this.
Tue 17 Feb 23:17:04 PST 2026: | Dirty bit is set. Fs was not properly unmounted and some data may be corrupt.
Tue 17 Feb 23:17:04 PST 2026: |  Automatically removing dirty bit.
Tue 17 Feb 23:17:04 PST 2026: | 
Tue 17 Feb 23:17:04 PST 2026: | *** Filesystem was changed ***
Tue 17 Feb 23:17:04 PST 2026: | Writing changes.
Tue 17 Feb 23:17:04 PST 2026: | /dev/loop0p1: 295 files, 241162/2096606 clusters
Tue 17 Feb 23:17:04 PST 2026: Finished fsck on /backingfiles/cam_disk.bin.
Tue 17 Feb 23:17:04 PST 2026: Running fsck on /backingfiles/lightshow_disk.bin...
Tue 17 Feb 23:17:04 PST 2026: | fsck from util-linux 2.38.1
Tue 17 Feb 23:17:04 PST 2026: | fsck.fat 4.2 (2021-01-31)
Tue 17 Feb 23:17:04 PST 2026: | /dev/loop0p1: 3 files, 2/261367 clusters
Tue 17 Feb 23:17:04 PST 2026: Finished fsck on /backingfiles/lightshow_disk.bin.
Tue 17 Feb 23:17:05 PST 2026: cleaning cam mount
Tue 17 Feb 23:17:05 PST 2026: Ensuring cam file is mounted...
Tue 17 Feb 23:17:05 PST 2026: Disconnecting usb from host...
Tue 17 Feb 23:17:05 PST 2026: Disconnected usb from host.
Tue 17 Feb 23:17:05 PST 2026: Mounted /mnt/cam.
Tue 17 Feb 23:17:05 PST 2026: Ensured cam file is mounted.
Tue 17 Feb 23:17:06 PST 2026: Trimming free space in /mnt/cam, which has 112 extents
Tue 17 Feb 23:17:06 PST 2026: Trim complete, image now has 102 extents
Tue 17 Feb 23:17:06 PST 2026: Unmounting /mnt/cam...
Tue 17 Feb 23:17:06 PST 2026: Unmounted /mnt/cam.
Tue 17 Feb 23:17:06 PST 2026: done cleaning cam mount
Tue 17 Feb 23:17:06 PST 2026: taking snapshot of cam disk in /backingfiles/snapshots/snap-000006
Tue 17 Feb 23:17:06 PST 2026: took snapshot
Tue 17 Feb 23:17:07 PST 2026: comparing new snapshot with /backingfiles/snapshots/snap-000005/snap.bin
Tue 17 Feb 23:17:07 PST 2026: new snapshot is identical to previous one, discarding
Tue 17 Feb 23:17:07 PST 2026: releasing snapshot /backingfiles/snapshots/snap-000006
Tue 17 Feb 23:17:07 PST 2026: Connecting usb to host...
Tue 17 Feb 23:17:07 PST 2026: Connected usb to host.
Tue 17 Feb 23:17:13 PST 2026: Trying to set time...
Wed 18 Feb 00:13:44 PST 2026: Time adjusted by 3391.244115 seconds after 1.270000 seconds
Wed 18 Feb 00:13:44 PST 2026: Starting background task to keep car awake.
Wed 18 Feb 00:13:44 PST 2026: Archiving...
Wed 18 Feb 00:13:44 PST 2026: Mounted /mnt/archive.
Wed 18 Feb 00:13:44 PST 2026: Checking saved folder count...
Wed 18 Feb 00:13:45 PST 2026: There are 0 event folder(s) with 584 file(s) and 0 track mode file(s) to move.  0 short recording(s) will be skipped.
Wed 18 Feb 00:13:45 PST 2026: Starting recording archiving
Wed 18 Feb 00:13:45 PST 2026: Archiving 584 file(s) starting at Wed 18 Feb 00:13:45 PST 2026
Wed 18 Feb 00:13:45 PST 2026: Sending Webhook message.
Wed 18 Feb 00:13:46 PST 2026: Error during archiving. Archived 0 files in 1s
Wed 18 Feb 00:13:46 PST 2026: Sending Webhook message.
2026/02/18 00:13:46 [962] building file list
2026/02/18 00:13:46 [962] done
2026/02/18 00:13:46 [962] cd+++++++++ RecentClips/2026-02-17/
2026/02/18 00:13:46 [962] Number of files: 586 (reg: 584, dir: 2)
2026/02/18 00:13:46 [962] Number of created files: 1 (dir: 1)
2026/02/18 00:13:46 [962] Number of deleted files: 0
2026/02/18 00:13:46 [962] Number of regular files transferred: 0
2026/02/18 00:13:46 [962] Total file size: 16.90G bytes
2026/02/18 00:13:46 [962] Total transferred file size: 0 bytes
2026/02/18 00:13:46 [962] Literal data: 0 bytes
2026/02/18 00:13:46 [962] Matched data: 0 bytes
2026/02/18 00:13:46 [962] File list size: 0
2026/02/18 00:13:46 [962] File list generation time: 0.192 seconds
2026/02/18 00:13:46 [962] File list transfer time: 0.000 seconds
2026/02/18 00:13:46 [962] Total bytes sent: 13.55K
2026/02/18 00:13:46 [962] Total bytes received: 19
2026/02/18 00:13:46 [962] sent 13.55K bytes  received 19 bytes  27.13K bytes/sec
2026/02/18 00:13:46 [962] total size is 16.90G  speedup is 1,245,541.58
2026/02/18 00:13:46 [962] sent 13553 bytes  received 24 bytes  total size 16898262626
2026/02/18 00:13:46 [962] rsync error: some files/attrs were not transferred (see previous errors) (code 23) at main.c(1338) [sender=3.2.7]
building file list ... done
rsync: [generator] recv_generator: mkdir "/mnt/archive/RecentClips/2026-02-17" failed: Permission denied (13)
*** Skipping any contents from this failed directory ***
RecentClips/2026-02-17/

Number of files: 586 (reg: 584, dir: 2)
Number of created files: 1 (dir: 1)
Number of deleted files: 0
Number of regular files transferred: 0
Total file size: 16.90G bytes
Total transferred file size: 0 bytes
Literal data: 0 bytes
Matched data: 0 bytes
File list size: 0
File list generation time: 0.192 seconds
File list transfer time: 0.000 seconds
Total bytes sent: 13.55K
Total bytes received: 19

sent 13.55K bytes  received 19 bytes  27.13K bytes/sec
total size is 16.90G  speedup is 1,245,541.58
rsync error: some files/attrs were not transferred (see previous errors) (code 23) at main.c(1338) [sender=3.2.7]
Wed 18 Feb 00:13:47 PST 2026: Skipping cleaning step after archive error
Wed 18 Feb 00:13:47 PST 2026: Finished archiving.
Wed 18 Feb 00:13:47 PST 2026: Music archive not configured or unreachable
Wed 18 Feb 00:13:47 PST 2026: post-archive processing failed
Wed 18 Feb 00:13:47 PST 2026: Stopping background task that is keeping car awake.
Wed 18 Feb 00:13:47 PST 2026: Unmounted /mnt/archive.
Wed 18 Feb 00:13:47 PST 2026: Connecting usb to host...
Wed 18 Feb 00:13:47 PST 2026: Connected usb to host.
Wed 18 Feb 00:13:52 PST 2026: Waiting for archive to be unreachable...
==============================================
Wed 18 Feb 00:17:01 PST 2026: Starting archiveloop at 9.28 seconds uptime...
Wed 18 Feb 00:17:01 PST 2026: Running fsck on /backingfiles/cam_disk.bin...
Wed 18 Feb 00:17:02 PST 2026: Temperature Monitor: Not enabled.
Wed 18 Feb 00:17:02 PST 2026: | fsck from util-linux 2.38.1
Wed 18 Feb 00:17:04 PST 2026: | fsck.fat 4.2 (2021-01-31)
Wed 18 Feb 00:17:04 PST 2026: | /dev/loop0p1: 295 files, 241162/2096606 clusters
Wed 18 Feb 00:17:04 PST 2026: Finished fsck on /backingfiles/cam_disk.bin.
Wed 18 Feb 00:17:04 PST 2026: Running fsck on /backingfiles/lightshow_disk.bin...
Wed 18 Feb 00:17:04 PST 2026: | fsck from util-linux 2.38.1
Wed 18 Feb 00:17:04 PST 2026: | fsck.fat 4.2 (2021-01-31)
Wed 18 Feb 00:17:04 PST 2026: | /dev/loop0p1: 3 files, 2/261367 clusters
Wed 18 Feb 00:17:04 PST 2026: Finished fsck on /backingfiles/lightshow_disk.bin.
Wed 18 Feb 00:17:04 PST 2026: cleaning cam mount
Wed 18 Feb 00:17:04 PST 2026: Ensuring cam file is mounted...
Wed 18 Feb 00:17:04 PST 2026: Disconnecting usb from host...
Wed 18 Feb 00:17:04 PST 2026: Disconnected usb from host.
Wed 18 Feb 00:17:05 PST 2026: Mounted /mnt/cam.
Wed 18 Feb 00:17:05 PST 2026: Ensured cam file is mounted.
Wed 18 Feb 00:17:05 PST 2026: Trimming free space in /mnt/cam, which has 102 extents
Wed 18 Feb 00:17:06 PST 2026: Trim complete, image now has 102 extents
Wed 18 Feb 00:17:06 PST 2026: Unmounting /mnt/cam...
Wed 18 Feb 00:17:06 PST 2026: Unmounted /mnt/cam.
Wed 18 Feb 00:17:06 PST 2026: done cleaning cam mount
Wed 18 Feb 00:17:06 PST 2026: taking snapshot of cam disk in /backingfiles/snapshots/snap-000006
Wed 18 Feb 00:17:06 PST 2026: took snapshot
Wed 18 Feb 00:17:07 PST 2026: comparing new snapshot with /backingfiles/snapshots/snap-000005/snap.bin
Wed 18 Feb 00:17:07 PST 2026: new snapshot is identical to previous one, discarding
Wed 18 Feb 00:17:07 PST 2026: releasing snapshot /backingfiles/snapshots/snap-000006
Wed 18 Feb 00:17:07 PST 2026: Connecting usb to host...
Wed 18 Feb 00:17:07 PST 2026: Connected usb to host.
Wed 18 Feb 00:17:13 PST 2026: Trying to set time...
Wed 18 Feb 00:27:12 PST 2026: Time adjusted by 599.057973 seconds after 1.250000 seconds
Wed 18 Feb 00:27:12 PST 2026: Starting background task to keep car awake.
Wed 18 Feb 00:27:12 PST 2026: Archiving...
Wed 18 Feb 00:27:12 PST 2026: Mounted /mnt/archive.
Wed 18 Feb 00:27:12 PST 2026: Checking saved folder count...
Wed 18 Feb 00:27:13 PST 2026: There are 0 event folder(s) with 584 file(s) and 0 track mode file(s) to move.  0 short recording(s) will be skipped.
Wed 18 Feb 00:27:13 PST 2026: Starting recording archiving
Wed 18 Feb 00:27:13 PST 2026: Archiving 584 file(s) starting at Wed 18 Feb 00:27:13 PST 2026
Wed 18 Feb 00:27:13 PST 2026: Sending Webhook message.
Wed 18 Feb 00:27:14 PST 2026: Error during archiving. Archived 0 files in 1s
Wed 18 Feb 00:27:14 PST 2026: Sending Webhook message.
2026/02/18 00:27:14 [966] building file list
2026/02/18 00:27:14 [966] done
2026/02/18 00:27:14 [966] cd+++++++++ RecentClips/2026-02-17/
2026/02/18 00:27:14 [966] Number of files: 586 (reg: 584, dir: 2)
2026/02/18 00:27:14 [966] Number of created files: 1 (dir: 1)
2026/02/18 00:27:14 [966] Number of deleted files: 0
2026/02/18 00:27:14 [966] Number of regular files transferred: 0
2026/02/18 00:27:14 [966] Total file size: 16.90G bytes
2026/02/18 00:27:14 [966] Total transferred file size: 0 bytes
2026/02/18 00:27:14 [966] Literal data: 0 bytes
2026/02/18 00:27:14 [966] Matched data: 0 bytes
2026/02/18 00:27:14 [966] File list size: 0
2026/02/18 00:27:14 [966] File list generation time: 0.192 seconds
2026/02/18 00:27:14 [966] File list transfer time: 0.000 seconds
2026/02/18 00:27:14 [966] Total bytes sent: 13.55K
2026/02/18 00:27:14 [966] Total bytes received: 19
2026/02/18 00:27:14 [966] sent 13.55K bytes  received 19 bytes  27.13K bytes/sec
2026/02/18 00:27:14 [966] total size is 16.90G  speedup is 1,245,541.58
2026/02/18 00:27:14 [966] sent 13553 bytes  received 24 bytes  total size 16898262626
2026/02/18 00:27:14 [966] rsync error: some files/attrs were not transferred (see previous errors) (code 23) at main.c(1338) [sender=3.2.7]
building file list ... done
rsync: [generator] recv_generator: mkdir "/mnt/archive/RecentClips/2026-02-17" failed: Permission denied (13)
*** Skipping any contents from this failed directory ***
RecentClips/2026-02-17/

Number of files: 586 (reg: 584, dir: 2)
Number of created files: 1 (dir: 1)
Number of deleted files: 0
Number of regular files transferred: 0
Total file size: 16.90G bytes
Total transferred file size: 0 bytes
Literal data: 0 bytes
Matched data: 0 bytes
File list size: 0
File list generation time: 0.192 seconds
File list transfer time: 0.000 seconds
Total bytes sent: 13.55K
Total bytes received: 19

sent 13.55K bytes  received 19 bytes  27.13K bytes/sec
total size is 16.90G  speedup is 1,245,541.58
rsync error: some files/attrs were not transferred (see previous errors) (code 23) at main.c(1338) [sender=3.2.7]
Wed 18 Feb 00:27:15 PST 2026: Skipping cleaning step after archive error
Wed 18 Feb 00:27:15 PST 2026: Finished archiving.
Wed 18 Feb 00:27:15 PST 2026: Music archive not configured or unreachable
Wed 18 Feb 00:27:15 PST 2026: post-archive processing failed
Wed 18 Feb 00:27:15 PST 2026: Stopping background task that is keeping car awake.
Wed 18 Feb 00:27:15 PST 2026: Unmounted /mnt/archive.
Wed 18 Feb 00:27:15 PST 2026: Connecting usb to host...
Wed 18 Feb 00:27:15 PST 2026: Connected usb to host.
Wed 18 Feb 00:27:20 PST 2026: Waiting for archive to be unreachable...
Wed 18 Feb 00:27:28 PST 2026: Simulating archive being unreachable.
Wed 18 Feb 00:27:28 PST 2026: Waiting for archive to be reachable...
Wed 18 Feb 00:27:28 PST 2026: Archive is reachable.
Wed 18 Feb 00:27:28 PST 2026: Trying to set time...
Wed 18 Feb 00:27:29 PST 2026: Time adjusted by 0.668406 seconds after 0.660000 seconds
Wed 18 Feb 00:27:29 PST 2026: Starting background task to keep car awake.
Wed 18 Feb 00:27:49 PST 2026: taking snapshot of cam disk in /backingfiles/snapshots/snap-000006
Wed 18 Feb 00:27:51 PST 2026: took snapshot
Wed 18 Feb 00:27:51 PST 2026: comparing new snapshot with /backingfiles/snapshots/snap-000005/snap.bin
Wed 18 Feb 00:27:51 PST 2026: new snapshot is identical to previous one, discarding
Wed 18 Feb 00:27:51 PST 2026: releasing snapshot /backingfiles/snapshots/snap-000006
Wed 18 Feb 00:27:51 PST 2026: Archiving...
Wed 18 Feb 00:27:52 PST 2026: Mounted /mnt/archive.
Wed 18 Feb 00:27:52 PST 2026: Checking saved folder count...
Wed 18 Feb 00:27:52 PST 2026: There are 0 event folder(s) with 584 file(s) and 0 track mode file(s) to move.  0 short recording(s) will be skipped.
Wed 18 Feb 00:27:52 PST 2026: Starting recording archiving
Wed 18 Feb 00:27:52 PST 2026: Archiving 584 file(s) starting at Wed 18 Feb 00:27:52 PST 2026
Wed 18 Feb 00:27:52 PST 2026: Sending Webhook message.
Wed 18 Feb 00:27:54 PST 2026: Error during archiving. Archived 0 files in 2s
Wed 18 Feb 00:27:54 PST 2026: Sending Webhook message.
2026/02/18 00:27:53 [1273] building file list
2026/02/18 00:27:53 [1273] done
2026/02/18 00:27:53 [1273] cd+++++++++ RecentClips/2026-02-17/
2026/02/18 00:27:53 [1273] Number of files: 586 (reg: 584, dir: 2)
2026/02/18 00:27:53 [1273] Number of created files: 1 (dir: 1)
2026/02/18 00:27:53 [1273] Number of deleted files: 0
2026/02/18 00:27:53 [1273] Number of regular files transferred: 0
2026/02/18 00:27:53 [1273] Total file size: 16.90G bytes
2026/02/18 00:27:53 [1273] Total transferred file size: 0 bytes
2026/02/18 00:27:53 [1273] Literal data: 0 bytes
2026/02/18 00:27:53 [1273] Matched data: 0 bytes
2026/02/18 00:27:53 [1273] File list size: 0
2026/02/18 00:27:53 [1273] File list generation time: 0.274 seconds
2026/02/18 00:27:53 [1273] File list transfer time: 0.000 seconds
2026/02/18 00:27:53 [1273] Total bytes sent: 13.55K
2026/02/18 00:27:53 [1273] Total bytes received: 19
2026/02/18 00:27:53 [1273] sent 13.55K bytes  received 19 bytes  27.13K bytes/sec
2026/02/18 00:27:53 [1273] total size is 16.90G  speedup is 1,245,541.58
2026/02/18 00:27:53 [1273] sent 13553 bytes  received 24 bytes  total size 16898262626
2026/02/18 00:27:53 [1273] rsync error: some files/attrs were not transferred (see previous errors) (code 23) at main.c(1338) [sender=3.2.7]
building file list ... done
rsync: [generator] recv_generator: mkdir "/mnt/archive/RecentClips/2026-02-17" failed: Permission denied (13)
*** Skipping any contents from this failed directory ***
RecentClips/2026-02-17/

Number of files: 586 (reg: 584, dir: 2)
Number of created files: 1 (dir: 1)
Number of deleted files: 0
Number of regular files transferred: 0
Total file size: 16.90G bytes
Total transferred file size: 0 bytes
Literal data: 0 bytes
Matched data: 0 bytes
File list size: 0
File list generation time: 0.274 seconds
File list transfer time: 0.000 seconds
Total bytes sent: 13.55K
Total bytes received: 19

sent 13.55K bytes  received 19 bytes  27.13K bytes/sec
total size is 16.90G  speedup is 1,245,541.58
rsync error: some files/attrs were not transferred (see previous errors) (code 23) at main.c(1338) [sender=3.2.7]
Wed 18 Feb 00:27:54 PST 2026: Skipping cleaning step after archive error
Wed 18 Feb 00:27:54 PST 2026: Finished archiving.
Wed 18 Feb 00:27:54 PST 2026: Music archive not configured or unreachable
Wed 18 Feb 00:27:54 PST 2026: post-archive processing failed
Wed 18 Feb 00:27:54 PST 2026: Stopping background task that is keeping car awake.
Wed 18 Feb 00:27:54 PST 2026: Unmounted /mnt/archive.
Wed 18 Feb 00:27:54 PST 2026: Connecting usb to host...
Wed 18 Feb 00:27:54 PST 2026: Connected usb to host.
Wed 18 Feb 00:27:59 PST 2026: Waiting for archive to be unreachable...
Wed 18 Feb 00:50:25 PST 2026: Simulating archive being unreachable.
Wed 18 Feb 00:50:25 PST 2026: Waiting for archive to be reachable...
Wed 18 Feb 00:50:25 PST 2026: Archive is reachable.
Wed 18 Feb 00:50:26 PST 2026: Trying to set time...
Wed 18 Feb 00:50:26 PST 2026: Time adjusted by 0.826118 seconds after 0.830000 seconds
Wed 18 Feb 00:50:26 PST 2026: Starting background task to keep car awake.
Wed 18 Feb 00:50:47 PST 2026: taking snapshot of cam disk in /backingfiles/snapshots/snap-000006
Wed 18 Feb 00:50:48 PST 2026: took snapshot
Wed 18 Feb 00:50:49 PST 2026: comparing new snapshot with /backingfiles/snapshots/snap-000005/snap.bin
Wed 18 Feb 00:50:49 PST 2026: new snapshot is identical to previous one, discarding
Wed 18 Feb 00:50:49 PST 2026: releasing snapshot /backingfiles/snapshots/snap-000006
Wed 18 Feb 00:50:49 PST 2026: Archiving...
Wed 18 Feb 00:50:49 PST 2026: Mounted /mnt/archive.
Wed 18 Feb 00:50:49 PST 2026: Checking saved folder count...
Wed 18 Feb 00:50:51 PST 2026: There are 0 event folder(s) with 584 file(s) and 0 track mode file(s) to move.  0 short recording(s) will be skipped.
Wed 18 Feb 00:50:51 PST 2026: Starting recording archiving
Wed 18 Feb 00:50:51 PST 2026: Archiving 584 file(s) starting at Wed 18 Feb 00:50:51 PST 2026
Wed 18 Feb 00:50:51 PST 2026: Sending Webhook message.
Wed 18 Feb 00:50:52 PST 2026: Error during archiving. Archived 0 files in 1s
Wed 18 Feb 00:50:52 PST 2026: Sending Webhook message.
2026/02/18 00:50:51 [8157] building file list
2026/02/18 00:50:52 [8157] done
2026/02/18 00:50:52 [8157] cd+++++++++ RecentClips/2026-02-17/
2026/02/18 00:50:52 [8157] Number of files: 586 (reg: 584, dir: 2)
2026/02/18 00:50:52 [8157] Number of created files: 1 (dir: 1)
2026/02/18 00:50:52 [8157] Number of deleted files: 0
2026/02/18 00:50:52 [8157] Number of regular files transferred: 0
2026/02/18 00:50:52 [8157] Total file size: 16.90G bytes
2026/02/18 00:50:52 [8157] Total transferred file size: 0 bytes
2026/02/18 00:50:52 [8157] Literal data: 0 bytes
2026/02/18 00:50:52 [8157] Matched data: 0 bytes
2026/02/18 00:50:52 [8157] File list size: 0
2026/02/18 00:50:52 [8157] File list generation time: 0.321 seconds
2026/02/18 00:50:52 [8157] File list transfer time: 0.000 seconds
2026/02/18 00:50:52 [8157] Total bytes sent: 13.55K
2026/02/18 00:50:52 [8157] Total bytes received: 19
2026/02/18 00:50:52 [8157] sent 13.55K bytes  received 19 bytes  9.04K bytes/sec
2026/02/18 00:50:52 [8157] total size is 16.90G  speedup is 1,245,541.58
2026/02/18 00:50:52 [8157] sent 13553 bytes  received 24 bytes  total size 16898262626
2026/02/18 00:50:52 [8157] rsync error: some files/attrs were not transferred (see previous errors) (code 23) at main.c(1338) [sender=3.2.7]
building file list ... done
rsync: [generator] recv_generator: mkdir "/mnt/archive/RecentClips/2026-02-17" failed: Permission denied (13)
*** Skipping any contents from this failed directory ***
RecentClips/2026-02-17/

Number of files: 586 (reg: 584, dir: 2)
Number of created files: 1 (dir: 1)
Number of deleted files: 0
Number of regular files transferred: 0
Total file size: 16.90G bytes
Total transferred file size: 0 bytes
Literal data: 0 bytes
Matched data: 0 bytes
File list size: 0
File list generation time: 0.321 seconds
File list transfer time: 0.000 seconds
Total bytes sent: 13.55K
Total bytes received: 19

sent 13.55K bytes  received 19 bytes  9.04K bytes/sec
total size is 16.90G  speedup is 1,245,541.58
rsync error: some files/attrs were not transferred (see previous errors) (code 23) at main.c(1338) [sender=3.2.7]
Wed 18 Feb 00:50:53 PST 2026: Skipping cleaning step after archive error
Wed 18 Feb 00:50:53 PST 2026: Finished archiving.
Wed 18 Feb 00:50:53 PST 2026: Music archive not configured or unreachable
Wed 18 Feb 00:50:53 PST 2026: post-archive processing failed
Wed 18 Feb 00:50:53 PST 2026: Stopping background task that is keeping car awake.
Wed 18 Feb 00:50:53 PST 2026: Unmounted /mnt/archive.
Wed 18 Feb 00:50:53 PST 2026: Connecting usb to host...
Wed 18 Feb 00:50:53 PST 2026: Connected usb to host.
Wed 18 Feb 00:50:58 PST 2026: Waiting for archive to be unreachable...
Wed 18 Feb 00:51:37 PST 2026: Simulating archive being unreachable.
Wed 18 Feb 00:51:37 PST 2026: Waiting for archive to be reachable...
Wed 18 Feb 00:51:37 PST 2026: Archive is reachable.
Wed 18 Feb 00:51:37 PST 2026: Trying to set time...
Wed 18 Feb 00:51:38 PST 2026: Time adjusted by 0.943199 seconds after 0.930000 seconds
Wed 18 Feb 00:51:38 PST 2026: Starting background task to keep car awake.
Wed 18 Feb 00:51:58 PST 2026: taking snapshot of cam disk in /backingfiles/snapshots/snap-000006
Wed 18 Feb 00:52:00 PST 2026: took snapshot
Wed 18 Feb 00:52:01 PST 2026: comparing new snapshot with /backingfiles/snapshots/snap-000005/snap.bin
Wed 18 Feb 00:52:01 PST 2026: new snapshot is identical to previous one, discarding
Wed 18 Feb 00:52:01 PST 2026: releasing snapshot /backingfiles/snapshots/snap-000006
Wed 18 Feb 00:52:01 PST 2026: Archiving...
Wed 18 Feb 00:52:01 PST 2026: Mounted /mnt/archive.
Wed 18 Feb 00:52:01 PST 2026: Checking saved folder count...
Wed 18 Feb 00:52:02 PST 2026: There are 0 event folder(s) with 584 file(s) and 0 track mode file(s) to move.  0 short recording(s) will be skipped.
Wed 18 Feb 00:52:02 PST 2026: Starting recording archiving
Wed 18 Feb 00:52:02 PST 2026: Archiving 584 file(s) starting at Wed 18 Feb 00:52:02 PST 2026
Wed 18 Feb 00:52:02 PST 2026: Sending Webhook message.
Wed 18 Feb 00:52:03 PST 2026: Error during archiving. Archived 0 files in 1s
Wed 18 Feb 00:52:04 PST 2026: Sending Webhook message.
2026/02/18 00:52:03 [8696] building file list
2026/02/18 00:52:03 [8696] done
2026/02/18 00:52:03 [8696] cd+++++++++ RecentClips/2026-02-17/
2026/02/18 00:52:03 [8696] Number of files: 586 (reg: 584, dir: 2)
2026/02/18 00:52:03 [8696] Number of created files: 1 (dir: 1)
2026/02/18 00:52:03 [8696] Number of deleted files: 0
2026/02/18 00:52:03 [8696] Number of regular files transferred: 0
2026/02/18 00:52:03 [8696] Total file size: 16.90G bytes
2026/02/18 00:52:03 [8696] Total transferred file size: 0 bytes
2026/02/18 00:52:03 [8696] Literal data: 0 bytes
2026/02/18 00:52:03 [8696] Matched data: 0 bytes
2026/02/18 00:52:03 [8696] File list size: 0
2026/02/18 00:52:03 [8696] File list generation time: 0.321 seconds
2026/02/18 00:52:03 [8696] File list transfer time: 0.000 seconds
2026/02/18 00:52:03 [8696] Total bytes sent: 13.55K
2026/02/18 00:52:03 [8696] Total bytes received: 19
2026/02/18 00:52:03 [8696] sent 13.55K bytes  received 19 bytes  27.13K bytes/sec
2026/02/18 00:52:03 [8696] total size is 16.90G  speedup is 1,245,541.58
2026/02/18 00:52:03 [8696] sent 13553 bytes  received 24 bytes  total size 16898262626
2026/02/18 00:52:03 [8696] rsync error: some files/attrs were not transferred (see previous errors) (code 23) at main.c(1338) [sender=3.2.7]
building file list ... done
rsync: [generator] recv_generator: mkdir "/mnt/archive/RecentClips/2026-02-17" failed: Permission denied (13)
*** Skipping any contents from this failed directory ***
RecentClips/2026-02-17/

Number of files: 586 (reg: 584, dir: 2)
Number of created files: 1 (dir: 1)
Number of deleted files: 0
Number of regular files transferred: 0
Total file size: 16.90G bytes
Total transferred file size: 0 bytes
Literal data: 0 bytes
Matched data: 0 bytes
File list size: 0
File list generation time: 0.321 seconds
File list transfer time: 0.000 seconds
Total bytes sent: 13.55K
Total bytes received: 19

sent 13.55K bytes  received 19 bytes  27.13K bytes/sec
total size is 16.90G  speedup is 1,245,541.58
rsync error: some files/attrs were not transferred (see previous errors) (code 23) at main.c(1338) [sender=3.2.7]
Wed 18 Feb 00:52:04 PST 2026: Skipping cleaning step after archive error
Wed 18 Feb 00:52:04 PST 2026: Finished archiving.
Wed 18 Feb 00:52:04 PST 2026: Music archive not configured or unreachable
Wed 18 Feb 00:52:04 PST 2026: post-archive processing failed
Wed 18 Feb 00:52:05 PST 2026: Stopping background task that is keeping car awake.
Wed 18 Feb 00:52:05 PST 2026: Unmounted /mnt/archive.
Wed 18 Feb 00:52:05 PST 2026: Connecting usb to host...
Wed 18 Feb 00:52:05 PST 2026: Connected usb to host.
Wed 18 Feb 00:52:10 PST 2026: Waiting for archive to be unreachable...
Wed 18 Feb 00:56:04 PST 2026: Simulating archive being unreachable.
Wed 18 Feb 00:56:04 PST 2026: Waiting for archive to be reachable...
Wed 18 Feb 00:56:04 PST 2026: Archive is reachable.
Wed 18 Feb 00:56:04 PST 2026: Trying to set time...
Wed 18 Feb 00:56:05 PST 2026: Time adjusted by 0.870445 seconds after 0.870000 seconds
Wed 18 Feb 00:56:05 PST 2026: Starting background task to keep car awake.
Wed 18 Feb 00:56:25 PST 2026: taking snapshot of cam disk in /backingfiles/snapshots/snap-000006
Wed 18 Feb 00:56:28 PST 2026: took snapshot
Wed 18 Feb 00:56:28 PST 2026: comparing new snapshot with /backingfiles/snapshots/snap-000005/snap.bin
Wed 18 Feb 00:56:28 PST 2026: new snapshot is identical to previous one, discarding
Wed 18 Feb 00:56:28 PST 2026: releasing snapshot /backingfiles/snapshots/snap-000006
Wed 18 Feb 00:56:28 PST 2026: Archiving...
Wed 18 Feb 00:56:29 PST 2026: Mounted /mnt/archive.
Wed 18 Feb 00:56:29 PST 2026: Checking saved folder count...
Wed 18 Feb 00:56:29 PST 2026: There are 0 event folder(s) with 584 file(s) and 0 track mode file(s) to move.  0 short recording(s) will be skipped.
Wed 18 Feb 00:56:29 PST 2026: Starting recording archiving
Wed 18 Feb 00:56:29 PST 2026: Archiving 584 file(s) starting at Wed 18 Feb 00:56:29 PST 2026
Wed 18 Feb 00:56:29 PST 2026: Sending Webhook message.
Wed 18 Feb 00:56:31 PST 2026: Error during archiving. Archived 0 files in 2s
Wed 18 Feb 00:56:31 PST 2026: Sending Webhook message.
2026/02/18 00:56:30 [10481] building file list
2026/02/18 00:56:30 [10481] done
2026/02/18 00:56:30 [10481] cd+++++++++ RecentClips/2026-02-17/
2026/02/18 00:56:31 [10481] Number of files: 586 (reg: 584, dir: 2)
2026/02/18 00:56:31 [10481] Number of created files: 1 (dir: 1)
2026/02/18 00:56:31 [10481] Number of deleted files: 0
2026/02/18 00:56:31 [10481] Number of regular files transferred: 0
2026/02/18 00:56:31 [10481] Total file size: 16.90G bytes
2026/02/18 00:56:31 [10481] Total transferred file size: 0 bytes
2026/02/18 00:56:31 [10481] Literal data: 0 bytes
2026/02/18 00:56:31 [10481] Matched data: 0 bytes
2026/02/18 00:56:31 [10481] File list size: 0
2026/02/18 00:56:31 [10481] File list generation time: 0.323 seconds
2026/02/18 00:56:31 [10481] File list transfer time: 0.000 seconds
2026/02/18 00:56:31 [10481] Total bytes sent: 13.55K
2026/02/18 00:56:31 [10481] Total bytes received: 19
2026/02/18 00:56:31 [10481] sent 13.55K bytes  received 19 bytes  27.13K bytes/sec
2026/02/18 00:56:31 [10481] total size is 16.90G  speedup is 1,245,541.58
2026/02/18 00:56:31 [10481] sent 13553 bytes  received 24 bytes  total size 16898262626
2026/02/18 00:56:31 [10481] rsync error: some files/attrs were not transferred (see previous errors) (code 23) at main.c(1338) [sender=3.2.7]
building file list ... done
rsync: [generator] recv_generator: mkdir "/mnt/archive/RecentClips/2026-02-17" failed: Permission denied (13)
*** Skipping any contents from this failed directory ***
RecentClips/2026-02-17/

Number of files: 586 (reg: 584, dir: 2)
Number of created files: 1 (dir: 1)
Number of deleted files: 0
Number of regular files transferred: 0
Total file size: 16.90G bytes
Total transferred file size: 0 bytes
Literal data: 0 bytes
Matched data: 0 bytes
File list size: 0
File list generation time: 0.323 seconds
File list transfer time: 0.000 seconds
Total bytes sent: 13.55K
Total bytes received: 19

sent 13.55K bytes  received 19 bytes  27.13K bytes/sec
total size is 16.90G  speedup is 1,245,541.58
rsync error: some files/attrs were not transferred (see previous errors) (code 23) at main.c(1338) [sender=3.2.7]
Wed 18 Feb 00:56:32 PST 2026: Skipping cleaning step after archive error
Wed 18 Feb 00:56:32 PST 2026: Finished archiving.
Wed 18 Feb 00:56:32 PST 2026: Music archive not configured or unreachable
Wed 18 Feb 00:56:32 PST 2026: post-archive processing failed
Wed 18 Feb 00:56:32 PST 2026: Stopping background task that is keeping car awake.
Wed 18 Feb 00:56:32 PST 2026: Unmounted /mnt/archive.
Wed 18 Feb 00:56:32 PST 2026: Connecting usb to host...
Wed 18 Feb 00:56:32 PST 2026: Connected usb to host.
Wed 18 Feb 00:56:37 PST 2026: Waiting for archive to be unreachable...
Wed 18 Feb 00:59:07 PST 2026: Sleeping before retry ...
==============================================
Wed 18 Feb 00:59:07 PST 2026: Starting archiveloop at 12.63 seconds uptime...
Wed 18 Feb 00:59:07 PST 2026: Running fsck on /backingfiles/cam_disk.bin...
Wed 18 Feb 00:59:07 PST 2026: | fsck from util-linux 2.38.1
Wed 18 Feb 00:59:09 PST 2026: | fsck.fat 4.2 (2021-01-31)
Wed 18 Feb 00:59:09 PST 2026: | /dev/loop0p1: 295 files, 241162/2096606 clusters
Wed 18 Feb 00:59:09 PST 2026: Finished fsck on /backingfiles/cam_disk.bin.
Wed 18 Feb 00:59:09 PST 2026: Running fsck on /backingfiles/lightshow_disk.bin...
Wed 18 Feb 00:59:09 PST 2026: | fsck from util-linux 2.38.1
Wed 18 Feb 00:59:10 PST 2026: | fsck.fat 4.2 (2021-01-31)
Wed 18 Feb 00:59:10 PST 2026: | /dev/loop0p1: 3 files, 2/261367 clusters
Wed 18 Feb 00:59:10 PST 2026: Finished fsck on /backingfiles/lightshow_disk.bin.
Wed 18 Feb 00:59:10 PST 2026: cleaning cam mount
Wed 18 Feb 00:59:10 PST 2026: Ensuring cam file is mounted...
Wed 18 Feb 00:59:10 PST 2026: Disconnecting usb from host...
Wed 18 Feb 00:59:10 PST 2026: Disconnected usb from host.
Wed 18 Feb 00:59:10 PST 2026: Mounted /mnt/cam.
Wed 18 Feb 00:59:10 PST 2026: Ensured cam file is mounted.
Wed 18 Feb 00:59:11 PST 2026: Trimming free space in /mnt/cam, which has 102 extents
Wed 18 Feb 00:59:11 PST 2026: Trim complete, image now has 102 extents
Wed 18 Feb 00:59:11 PST 2026: Unmounting /mnt/cam...
Wed 18 Feb 00:59:11 PST 2026: Unmounted /mnt/cam.
Wed 18 Feb 00:59:11 PST 2026: done cleaning cam mount
Wed 18 Feb 00:59:11 PST 2026: taking snapshot of cam disk in /backingfiles/snapshots/snap-000006
Wed 18 Feb 00:59:11 PST 2026: took snapshot
Wed 18 Feb 00:59:12 PST 2026: comparing new snapshot with /backingfiles/snapshots/snap-000005/snap.bin
Wed 18 Feb 00:59:12 PST 2026: new snapshot is identical to previous one, discarding
Wed 18 Feb 00:59:12 PST 2026: releasing snapshot /backingfiles/snapshots/snap-000006
Wed 18 Feb 00:59:13 PST 2026: Connecting usb to host...
Wed 18 Feb 00:59:13 PST 2026: Connected usb to host.
Wed 18 Feb 00:59:18 PST 2026: Trying to set time...
Wed 18 Feb 00:59:40 PST 2026: Time adjusted by 21.710152 seconds after 1.290000 seconds
Wed 18 Feb 00:59:40 PST 2026: Starting background task to keep car awake.
Wed 18 Feb 00:59:40 PST 2026: Archiving...
Wed 18 Feb 00:59:41 PST 2026: Mounted /mnt/archive.
Wed 18 Feb 00:59:41 PST 2026: Checking saved folder count...
Wed 18 Feb 00:59:41 PST 2026: There are 0 event folder(s) with 584 file(s) and 0 track mode file(s) to move.  0 short recording(s) will be skipped.
Wed 18 Feb 00:59:41 PST 2026: Starting recording archiving
Wed 18 Feb 00:59:41 PST 2026: Archiving 584 file(s) starting at Wed 18 Feb 00:59:41 PST 2026
Wed 18 Feb 00:59:42 PST 2026: Sending Webhook message.
Wed 18 Feb 00:59:43 PST 2026: Error during archiving. Archived 0 files in 2s
Wed 18 Feb 00:59:43 PST 2026: Sending Webhook message.
2026/02/18 00:59:42 [960] building file list
2026/02/18 00:59:42 [960] done
2026/02/18 00:59:42 [960] cd+++++++++ RecentClips/2026-02-17/
2026/02/18 00:59:42 [960] Number of files: 586 (reg: 584, dir: 2)
2026/02/18 00:59:42 [960] Number of created files: 1 (dir: 1)
2026/02/18 00:59:42 [960] Number of deleted files: 0
2026/02/18 00:59:42 [960] Number of regular files transferred: 0
2026/02/18 00:59:42 [960] Total file size: 16.90G bytes
2026/02/18 00:59:42 [960] Total transferred file size: 0 bytes
2026/02/18 00:59:42 [960] Literal data: 0 bytes
2026/02/18 00:59:42 [960] Matched data: 0 bytes
2026/02/18 00:59:42 [960] File list size: 0
2026/02/18 00:59:42 [960] File list generation time: 0.193 seconds
2026/02/18 00:59:42 [960] File list transfer time: 0.000 seconds
2026/02/18 00:59:42 [960] Total bytes sent: 13.55K
2026/02/18 00:59:42 [960] Total bytes received: 19
2026/02/18 00:59:42 [960] sent 13.55K bytes  received 19 bytes  27.13K bytes/sec
2026/02/18 00:59:42 [960] total size is 16.90G  speedup is 1,245,541.58
2026/02/18 00:59:42 [960] sent 13553 bytes  received 24 bytes  total size 16898262626
2026/02/18 00:59:42 [960] rsync error: some files/attrs were not transferred (see previous errors) (code 23) at main.c(1338) [sender=3.2.7]
building file list ... done
rsync: [generator] recv_generator: mkdir "/mnt/archive/RecentClips/2026-02-17" failed: Permission denied (13)
*** Skipping any contents from this failed directory ***
RecentClips/2026-02-17/

Number of files: 586 (reg: 584, dir: 2)
Number of created files: 1 (dir: 1)
Number of deleted files: 0
Number of regular files transferred: 0
Total file size: 16.90G bytes
Total transferred file size: 0 bytes
Literal data: 0 bytes
Matched data: 0 bytes
File list size: 0
File list generation time: 0.193 seconds
File list transfer time: 0.000 seconds
Total bytes sent: 13.55K
Total bytes received: 19

sent 13.55K bytes  received 19 bytes  27.13K bytes/sec
total size is 16.90G  speedup is 1,245,541.58
rsync error: some files/attrs were not transferred (see previous errors) (code 23) at main.c(1338) [sender=3.2.7]
Wed 18 Feb 00:59:43 PST 2026: Skipping cleaning step after archive error
Wed 18 Feb 00:59:43 PST 2026: Finished archiving.
Wed 18 Feb 00:59:43 PST 2026: Music archive not configured or unreachable
Wed 18 Feb 00:59:43 PST 2026: post-archive processing failed
Wed 18 Feb 00:59:43 PST 2026: Stopping background task that is keeping car awake.
Wed 18 Feb 00:59:43 PST 2026: Unmounted /mnt/archive.
Wed 18 Feb 00:59:43 PST 2026: Connecting usb to host...
Wed 18 Feb 00:59:43 PST 2026: Connected usb to host.
Wed 18 Feb 00:59:48 PST 2026: Waiting for archive to be unreachable...
Wed 18 Feb 00:59:53 PST 2026: Simulating archive being unreachable.
Wed 18 Feb 00:59:54 PST 2026: Waiting for archive to be reachable...
Wed 18 Feb 00:59:54 PST 2026: Archive is reachable.
Wed 18 Feb 00:59:54 PST 2026: Trying to set time...
Wed 18 Feb 00:59:54 PST 2026: Time adjusted by 0.555045 seconds after 0.550000 seconds
Wed 18 Feb 00:59:54 PST 2026: Starting background task to keep car awake.
Wed 18 Feb 01:00:14 PST 2026: taking snapshot of cam disk in /backingfiles/snapshots/snap-000006
Wed 18 Feb 01:00:16 PST 2026: took snapshot
Wed 18 Feb 01:00:17 PST 2026: comparing new snapshot with /backingfiles/snapshots/snap-000005/snap.bin
Wed 18 Feb 01:00:17 PST 2026: new snapshot is identical to previous one, discarding
Wed 18 Feb 01:00:17 PST 2026: releasing snapshot /backingfiles/snapshots/snap-000006
Wed 18 Feb 01:00:17 PST 2026: Archiving...
Wed 18 Feb 01:00:17 PST 2026: Mounted /mnt/archive.
Wed 18 Feb 01:00:17 PST 2026: Checking saved folder count...
Wed 18 Feb 01:00:18 PST 2026: There are 0 event folder(s) with 584 file(s) and 0 track mode file(s) to move.  0 short recording(s) will be skipped.
Wed 18 Feb 01:00:18 PST 2026: Starting recording archiving
Wed 18 Feb 01:00:18 PST 2026: Archiving 584 file(s) starting at Wed 18 Feb 01:00:18 PST 2026
Wed 18 Feb 01:00:18 PST 2026: Sending Webhook message.
Wed 18 Feb 01:00:19 PST 2026: Error during archiving. Archived 0 files in 1s
Wed 18 Feb 01:00:19 PST 2026: Sending Webhook message.
2026/02/18 01:00:18 [1249] building file list
2026/02/18 01:00:19 [1249] done
2026/02/18 01:00:19 [1249] cd+++++++++ RecentClips/2026-02-17/
2026/02/18 01:00:19 [1249] Number of files: 586 (reg: 584, dir: 2)
2026/02/18 01:00:19 [1249] Number of created files: 1 (dir: 1)
2026/02/18 01:00:19 [1249] Number of deleted files: 0
2026/02/18 01:00:19 [1249] Number of regular files transferred: 0
2026/02/18 01:00:19 [1249] Total file size: 16.90G bytes
2026/02/18 01:00:19 [1249] Total transferred file size: 0 bytes
2026/02/18 01:00:19 [1249] Literal data: 0 bytes
2026/02/18 01:00:19 [1249] Matched data: 0 bytes
2026/02/18 01:00:19 [1249] File list size: 0
2026/02/18 01:00:19 [1249] File list generation time: 0.277 seconds
2026/02/18 01:00:19 [1249] File list transfer time: 0.000 seconds
2026/02/18 01:00:19 [1249] Total bytes sent: 13.55K
2026/02/18 01:00:19 [1249] Total bytes received: 19
2026/02/18 01:00:19 [1249] sent 13.55K bytes  received 19 bytes  9.04K bytes/sec
2026/02/18 01:00:19 [1249] total size is 16.90G  speedup is 1,245,541.58
2026/02/18 01:00:19 [1249] sent 13553 bytes  received 24 bytes  total size 16898262626
2026/02/18 01:00:19 [1249] rsync error: some files/attrs were not transferred (see previous errors) (code 23) at main.c(1338) [sender=3.2.7]
building file list ... done
rsync: [generator] recv_generator: mkdir "/mnt/archive/RecentClips/2026-02-17" failed: Permission denied (13)
*** Skipping any contents from this failed directory ***
RecentClips/2026-02-17/

Number of files: 586 (reg: 584, dir: 2)
Number of created files: 1 (dir: 1)
Number of deleted files: 0
Number of regular files transferred: 0
Total file size: 16.90G bytes
Total transferred file size: 0 bytes
Literal data: 0 bytes
Matched data: 0 bytes
File list size: 0
File list generation time: 0.277 seconds
File list transfer time: 0.000 seconds
Total bytes sent: 13.55K
Total bytes received: 19

sent 13.55K bytes  received 19 bytes  9.04K bytes/sec
total size is 16.90G  speedup is 1,245,541.58
rsync error: some files/attrs were not transferred (see previous errors) (code 23) at main.c(1338) [sender=3.2.7]
Wed 18 Feb 01:00:20 PST 2026: Skipping cleaning step after archive error
Wed 18 Feb 01:00:20 PST 2026: Finished archiving.
Wed 18 Feb 01:00:20 PST 2026: Music archive not configured or unreachable
Wed 18 Feb 01:00:20 PST 2026: post-archive processing failed
Wed 18 Feb 01:00:20 PST 2026: Stopping background task that is keeping car awake.
Wed 18 Feb 01:00:20 PST 2026: Unmounted /mnt/archive.
Wed 18 Feb 01:00:20 PST 2026: Connecting usb to host...
Wed 18 Feb 01:00:20 PST 2026: Connected usb to host.
Wed 18 Feb 01:00:25 PST 2026: Waiting for archive to be unreachable...
Wed 18 Feb 01:00:27 PST 2026: Temperature Monitor: 38.628°C (max=41.318°C 2026-02-18 00:59:07)
Wed 18 Feb 01:00:28 PST 2026: Sending Webhook message.
